<?xml version="1.0" encoding="UTF-8"?>
<testsuite name="edu.umn.cs.csci3081w.project.model.RouteTest" tests="7" skipped="0" failures="0" errors="0" timestamp="2025-10-13T18:54:09" hostname="infra04-wg012.eduroam.wireless.umn.edu" time="0.027">
  <properties/>
  <testcase name="testRouteConstructor()" classname="edu.umn.cs.csci3081w.project.model.RouteTest" time="0.01"/>
  <testcase name="testRouteNextStop()" classname="edu.umn.cs.csci3081w.project.model.RouteTest" time="0.001"/>
  <testcase name="testRouteIsAtEnd()" classname="edu.umn.cs.csci3081w.project.model.RouteTest" time="0.001"/>
  <testcase name="testRoutePrevStop()" classname="edu.umn.cs.csci3081w.project.model.RouteTest" time="0.001"/>
  <testcase name="testRouteShallowCopy()" classname="edu.umn.cs.csci3081w.project.model.RouteTest" time="0.001"/>
  <testcase name="testRouteReport()" classname="edu.umn.cs.csci3081w.project.model.RouteTest" time="0.011"/>
  <testcase name="testRouteUpdate()" classname="edu.umn.cs.csci3081w.project.model.RouteTest" time="0.001"/>
  <system-out><![CDATA[]]></system-out>
  <system-err><![CDATA[]]></system-err>
</testsuite>
